# JRE version: OpenJDK Runtime Environment (17.0.1+12) (build 17.0.1+12)
# Java VM: OpenJDK 64-Bit Server VM (17.0.1+12, mixed mode, tiered, compressed oops, compressed class ptrs, g1 gc, linux-amd64)
GC Precious Log:
 CPUs: 12 total, 12 available
 Memory: 15990M
 Large Page Support: Disabled
 NUMA Support: Disabled
 Compressed Oops: Enabled (Zero based)
 Heap Region Size: 8M
 Heap Min Capacity: 8M
 Heap Initial Capacity: 256M
 Heap Max Capacity: 10G
 Pre-touch: Disabled
 Parallel Workers: 10
 Concurrent Workers: 3
 Concurrent Refinement Workers: 10
 Periodic GC: Disabled
Heap:
 garbage-first heap   total 262144K, used 96741K [0x0000000580000000, 0x0000000800000000)
  region size 8192K, 7 young (57344K), 2 survivors (16384K)
 Metaspace       used 16998K, committed 17280K, reserved 1064960K
  class space    used 1352K, committed 1472K, reserved 1048576K
GC Heap History (8 events):
Event: 0.253 GC heap before
{Heap before GC invocations=0 (full 0):
 garbage-first heap   total 262144K, used 16384K [0x0000000580000000, 0x0000000800000000)
  region size 8192K, 2 young (16384K), 0 survivors (0K)
 Metaspace       used 9126K, committed 9280K, reserved 1064960K
  class space    used 761K, committed 832K, reserved 1048576K
}
Event: 0.255 GC heap after
{Heap after GC invocations=1 (full 0):
 garbage-first heap   total 262144K, used 2493K [0x0000000580000000, 0x0000000800000000)
  region size 8192K, 1 young (8192K), 1 survivors (8192K)
 Metaspace       used 9126K, committed 9280K, reserved 1064960K
  class space    used 761K, committed 832K, reserved 1048576K
}
Event: 0.890 GC heap before
{Heap before GC invocations=1 (full 0):
 garbage-first heap   total 262144K, used 59837K [0x0000000580000000, 0x0000000800000000)
  region size 8192K, 4 young (32768K), 1 survivors (8192K)
 Metaspace       used 14039K, committed 14272K, reserved 1064960K
  class space    used 1094K, committed 1216K, reserved 1048576K
}
Event: 0.893 GC heap after
{Heap after GC invocations=2 (full 0):
 garbage-first heap   total 262144K, used 3272K [0x0000000580000000, 0x0000000800000000)
  region size 8192K, 1 young (8192K), 1 survivors (8192K)
 Metaspace       used 14039K, committed 14272K, reserved 1064960K
  class space    used 1094K, committed 1216K, reserved 1048576K
}
Event: 3.653 GC heap before
{Heap before GC invocations=2 (full 0):
 garbage-first heap   total 262144K, used 117960K [0x0000000580000000, 0x0000000800000000)
  region size 8192K, 16 young (131072K), 1 survivors (8192K)
 Metaspace       used 16931K, committed 17152K, reserved 1064960K
  class space    used 1350K, committed 1472K, reserved 1048576K
}
Event: 3.659 GC heap after
{Heap after GC invocations=3 (full 0):
 garbage-first heap   total 262144K, used 41443K [0x0000000580000000, 0x0000000800000000)
  region size 8192K, 2 young (16384K), 2 survivors (16384K)
 Metaspace       used 16931K, committed 17152K, reserved 1064960K
  class space    used 1350K, committed 1472K, reserved 1048576K
}
Event: 4.080 GC heap before
{Heap before GC invocations=3 (full 0):
 garbage-first heap   total 262144K, used 98787K [0x0000000580000000, 0x0000000800000000)
  region size 8192K, 10 young (81920K), 2 survivors (16384K)
 Metaspace       used 16979K, committed 17216K, reserved 1064960K
  class space    used 1350K, committed 1472K, reserved 1048576K
}
Event: 4.088 GC heap after
{Heap after GC invocations=4 (full 0):
 garbage-first heap   total 262144K, used 72165K [0x0000000580000000, 0x0000000800000000)
  region size 8192K, 2 young (16384K), 2 survivors (16384K)
 Metaspace       used 16979K, committed 17216K, reserved 1064960K
  class space    used 1350K, committed 1472K, reserved 1048576K
}

