# JRE version: OpenJDK Runtime Environment (17.0.1+12) (build 17.0.1+12)
# Java VM: OpenJDK 64-Bit Server VM (17.0.1+12, mixed mode, tiered, compressed oops, compressed class ptrs, g1 gc, linux-amd64)
GC Precious Log:
 CPUs: 12 total, 12 available
 Memory: 16010M
 Large Page Support: Disabled
 NUMA Support: Disabled
 Compressed Oops: Enabled (Zero based)
 Heap Region Size: 2M
 Heap Min Capacity: 8M
 Heap Initial Capacity: 252M
 Heap Max Capacity: 4004M
 Pre-touch: Disabled
 Parallel Workers: 10
 Concurrent Workers: 3
 Concurrent Refinement Workers: 10
 Periodic GC: Disabled
Heap:
 garbage-first heap   total 516096K, used 156416K [0x0000000705c00000, 0x0000000800000000)
  region size 2048K, 17 young (34816K), 8 survivors (16384K)
 Metaspace       used 16444K, committed 16640K, reserved 1064960K
  class space    used 1275K, committed 1344K, reserved 1048576K
GC Heap History (20 events):
Event: 32.825 GC heap before
{Heap before GC invocations=44 (full 0):
 garbage-first heap   total 516096K, used 473950K [0x0000000705c00000, 0x0000000800000000)
  region size 2048K, 140 young (286720K), 9 survivors (18432K)
 Metaspace       used 16442K, committed 16640K, reserved 1064960K
  class space    used 1275K, committed 1344K, reserved 1048576K
}
Event: 32.828 GC heap after
{Heap after GC invocations=45 (full 0):
 garbage-first heap   total 516096K, used 131149K [0x0000000705c00000, 0x0000000800000000)
  region size 2048K, 10 young (20480K), 10 survivors (20480K)
 Metaspace       used 16442K, committed 16640K, reserved 1064960K
  class space    used 1275K, committed 1344K, reserved 1048576K
}
Event: 33.892 GC heap before
{Heap before GC invocations=45 (full 0):
 garbage-first heap   total 516096K, used 471117K [0x0000000705c00000, 0x0000000800000000)
  region size 2048K, 139 young (284672K), 10 survivors (20480K)
 Metaspace       used 16442K, committed 16640K, reserved 1064960K
  class space    used 1275K, committed 1344K, reserved 1048576K
}
Event: 33.895 GC heap after
{Heap after GC invocations=46 (full 0):
 garbage-first heap   total 516096K, used 131071K [0x0000000705c00000, 0x0000000800000000)
  region size 2048K, 10 young (20480K), 10 survivors (20480K)
 Metaspace       used 16442K, committed 16640K, reserved 1064960K
  class space    used 1275K, committed 1344K, reserved 1048576K
}
Event: 35.025 GC heap before
{Heap before GC invocations=46 (full 0):
 garbage-first heap   total 516096K, used 473087K [0x0000000705c00000, 0x0000000800000000)
  region size 2048K, 140 young (286720K), 10 survivors (20480K)
 Metaspace       used 16442K, committed 16640K, reserved 1064960K
  class space    used 1275K, committed 1344K, reserved 1048576K
}
Event: 35.028 GC heap after
{Heap after GC invocations=47 (full 0):
 garbage-first heap   total 516096K, used 131461K [0x0000000705c00000, 0x0000000800000000)
  region size 2048K, 10 young (20480K), 10 survivors (20480K)
 Metaspace       used 16442K, committed 16640K, reserved 1064960K
  class space    used 1275K, committed 1344K, reserved 1048576K
}
Event: 36.100 GC heap before
{Heap before GC invocations=47 (full 0):
 garbage-first heap   total 516096K, used 471429K [0x0000000705c00000, 0x0000000800000000)
  region size 2048K, 139 young (284672K), 10 survivors (20480K)
 Metaspace       used 16442K, committed 16640K, reserved 1064960K
  class space    used 1275K, committed 1344K, reserved 1048576K
}
Event: 36.115 GC heap after
{Heap after GC invocations=48 (full 0):
 garbage-first heap   total 516096K, used 166069K [0x0000000705c00000, 0x0000000800000000)
  region size 2048K, 16 young (32768K), 16 survivors (32768K)
 Metaspace       used 16442K, committed 16640K, reserved 1064960K
  class space    used 1275K, committed 1344K, reserved 1048576K
}
Event: 37.027 GC heap before
{Heap before GC invocations=48 (full 0):
 garbage-first heap   total 516096K, used 387253K [0x0000000705c00000, 0x0000000800000000)
  region size 2048K, 125 young (256000K), 16 survivors (32768K)
 Metaspace       used 16442K, committed 16640K, reserved 1064960K
  class space    used 1275K, committed 1344K, reserved 1048576K
}
Event: 37.030 GC heap after
{Heap after GC invocations=49 (full 0):
 garbage-first heap   total 516096K, used 132622K [0x0000000705c00000, 0x0000000800000000)
  region size 2048K, 5 young (10240K), 5 survivors (10240K)
 Metaspace       used 16442K, committed 16640K, reserved 1064960K
  class space    used 1275K, committed 1344K, reserved 1048576K
}
Event: 37.946 GC heap before
{Heap before GC invocations=49 (full 0):
 garbage-first heap   total 516096K, used 394766K [0x0000000705c00000, 0x0000000800000000)
  region size 2048K, 133 young (272384K), 5 survivors (10240K)
 Metaspace       used 16442K, committed 16640K, reserved 1064960K
  class space    used 1275K, committed 1344K, reserved 1048576K
}
Event: 37.948 GC heap after
{Heap after GC invocations=50 (full 0):
 garbage-first heap   total 516096K, used 131401K [0x0000000705c00000, 0x0000000800000000)
  region size 2048K, 4 young (8192K), 4 survivors (8192K)
 Metaspace       used 16442K, committed 16640K, reserved 1064960K
  class space    used 1275K, committed 1344K, reserved 1048576K
}
Event: 38.760 GC heap before
{Heap before GC invocations=50 (full 0):
 garbage-first heap   total 516096K, used 409929K [0x0000000705c00000, 0x0000000800000000)
  region size 2048K, 140 young (286720K), 4 survivors (8192K)
 Metaspace       used 16443K, committed 16640K, reserved 1064960K
  class space    used 1275K, committed 1344K, reserved 1048576K
}
Event: 38.761 GC heap after
{Heap after GC invocations=51 (full 0):
 garbage-first heap   total 516096K, used 132084K [0x0000000705c00000, 0x0000000800000000)
  region size 2048K, 5 young (10240K), 5 survivors (10240K)
 Metaspace       used 16443K, committed 16640K, reserved 1064960K
  class space    used 1275K, committed 1344K, reserved 1048576K
}
Event: 39.560 GC heap before
{Heap before GC invocations=51 (full 0):
 garbage-first heap   total 516096K, used 418804K [0x0000000705c00000, 0x0000000800000000)
  region size 2048K, 145 young (296960K), 5 survivors (10240K)
 Metaspace       used 16443K, committed 16640K, reserved 1064960K
  class space    used 1275K, committed 1344K, reserved 1048576K
}
Event: 39.561 GC heap after
{Heap after GC invocations=52 (full 0):
 garbage-first heap   total 516096K, used 132237K [0x0000000705c00000, 0x0000000800000000)
  region size 2048K, 5 young (10240K), 5 survivors (10240K)
 Metaspace       used 16443K, committed 16640K, reserved 1064960K
  class space    used 1275K, committed 1344K, reserved 1048576K
}
Event: 40.323 GC heap before
{Heap before GC invocations=52 (full 0):
 garbage-first heap   total 516096K, used 441485K [0x0000000705c00000, 0x0000000800000000)
  region size 2048K, 149 young (305152K), 5 survivors (10240K)
 Metaspace       used 16444K, committed 16640K, reserved 1064960K
  class space    used 1275K, committed 1344K, reserved 1048576K
}
Event: 40.334 GC heap after
{Heap after GC invocations=53 (full 0):
 garbage-first heap   total 516096K, used 139069K [0x0000000705c00000, 0x0000000800000000)
  region size 2048K, 7 young (14336K), 7 survivors (14336K)
 Metaspace       used 16444K, committed 16640K, reserved 1064960K
  class space    used 1275K, committed 1344K, reserved 1048576K
}
Event: 41.067 GC heap before
{Heap before GC invocations=53 (full 0):
 garbage-first heap   total 516096K, used 433981K [0x0000000705c00000, 0x0000000800000000)
  region size 2048K, 147 young (301056K), 7 survivors (14336K)
 Metaspace       used 16444K, committed 16640K, reserved 1064960K
  class space    used 1275K, committed 1344K, reserved 1048576K
}
Event: 41.069 GC heap after
{Heap after GC invocations=54 (full 0):
 garbage-first heap   total 516096K, used 140032K [0x0000000705c00000, 0x0000000800000000)
  region size 2048K, 8 young (16384K), 8 survivors (16384K)
 Metaspace       used 16444K, committed 16640K, reserved 1064960K
  class space    used 1275K, committed 1344K, reserved 1048576K
}

