# JRE version: OpenJDK Runtime Environment (17.0.1+12) (build 17.0.1+12)
# Java VM: OpenJDK 64-Bit Server VM (17.0.1+12, mixed mode, tiered, compressed oops, compressed class ptrs, g1 gc, linux-amd64)
GC Precious Log:
 CPUs: 12 total, 12 available
 Memory: 15990M
 Large Page Support: Disabled
 NUMA Support: Disabled
 Compressed Oops: Enabled (Zero based)
 Heap Region Size: 8M
 Heap Min Capacity: 8M
 Heap Initial Capacity: 256M
 Heap Max Capacity: 10G
 Pre-touch: Disabled
 Parallel Workers: 10
 Concurrent Workers: 3
 Concurrent Refinement Workers: 10
 Periodic GC: Disabled
Heap:
 garbage-first heap   total 540672K, used 287021K [0x0000000580000000, 0x0000000800000000)
  region size 8192K, 7 young (57344K), 1 survivors (8192K)
 Metaspace       used 17035K, committed 17280K, reserved 1064960K
  class space    used 1355K, committed 1472K, reserved 1048576K
GC Heap History (20 events):
Event: 0.299 GC heap before
{Heap before GC invocations=0 (full 0):
 garbage-first heap   total 262144K, used 16384K [0x0000000580000000, 0x0000000800000000)
  region size 8192K, 2 young (16384K), 0 survivors (0K)
 Metaspace       used 9110K, committed 9280K, reserved 1064960K
  class space    used 760K, committed 832K, reserved 1048576K
}
Event: 0.300 GC heap after
{Heap after GC invocations=1 (full 0):
 garbage-first heap   total 262144K, used 2437K [0x0000000580000000, 0x0000000800000000)
  region size 8192K, 1 young (8192K), 1 survivors (8192K)
 Metaspace       used 9110K, committed 9280K, reserved 1064960K
  class space    used 760K, committed 832K, reserved 1048576K
}
Event: 0.990 GC heap before
{Heap before GC invocations=1 (full 0):
 garbage-first heap   total 262144K, used 59781K [0x0000000580000000, 0x0000000800000000)
  region size 8192K, 4 young (32768K), 1 survivors (8192K)
 Metaspace       used 14027K, committed 14208K, reserved 1064960K
  class space    used 1095K, committed 1216K, reserved 1048576K
}
Event: 0.993 GC heap after
{Heap after GC invocations=2 (full 0):
 garbage-first heap   total 262144K, used 3228K [0x0000000580000000, 0x0000000800000000)
  region size 8192K, 1 young (8192K), 1 survivors (8192K)
 Metaspace       used 14027K, committed 14208K, reserved 1064960K
  class space    used 1095K, committed 1216K, reserved 1048576K
}
Event: 3.417 GC heap before
{Heap before GC invocations=2 (full 0):
 garbage-first heap   total 262144K, used 117916K [0x0000000580000000, 0x0000000800000000)
  region size 8192K, 15 young (122880K), 1 survivors (8192K)
 Metaspace       used 16911K, committed 17152K, reserved 1064960K
  class space    used 1347K, committed 1472K, reserved 1048576K
}
Event: 3.423 GC heap after
{Heap after GC invocations=3 (full 0):
 garbage-first heap   total 262144K, used 40014K [0x0000000580000000, 0x0000000800000000)
  region size 8192K, 2 young (16384K), 2 survivors (16384K)
 Metaspace       used 16911K, committed 17152K, reserved 1064960K
  class space    used 1347K, committed 1472K, reserved 1048576K
}
Event: 3.873 GC heap before
{Heap before GC invocations=3 (full 0):
 garbage-first heap   total 262144K, used 97358K [0x0000000580000000, 0x0000000800000000)
  region size 8192K, 9 young (73728K), 2 survivors (16384K)
 Metaspace       used 16952K, committed 17216K, reserved 1064960K
  class space    used 1347K, committed 1472K, reserved 1048576K
}
Event: 3.880 GC heap after
{Heap after GC invocations=4 (full 0):
 garbage-first heap   total 262144K, used 65256K [0x0000000580000000, 0x0000000800000000)
  region size 8192K, 2 young (16384K), 2 survivors (16384K)
 Metaspace       used 16952K, committed 17216K, reserved 1064960K
  class space    used 1347K, committed 1472K, reserved 1048576K
}
Event: 3.988 GC heap before
{Heap before GC invocations=4 (full 0):
 garbage-first heap   total 262144K, used 114408K [0x0000000580000000, 0x0000000800000000)
  region size 8192K, 9 young (73728K), 2 survivors (16384K)
 Metaspace       used 16973K, committed 17216K, reserved 1064960K
  class space    used 1347K, committed 1472K, reserved 1048576K
}
Event: 4.000 GC heap after
{Heap after GC invocations=5 (full 0):
 garbage-first heap   total 262144K, used 100065K [0x0000000580000000, 0x0000000800000000)
  region size 8192K, 2 young (16384K), 2 survivors (16384K)
 Metaspace       used 16973K, committed 17216K, reserved 1064960K
  class space    used 1347K, committed 1472K, reserved 1048576K
}
Event: 4.085 GC heap before
{Heap before GC invocations=5 (full 0):
 garbage-first heap   total 262144K, used 141025K [0x0000000580000000, 0x0000000800000000)
  region size 8192K, 8 young (65536K), 2 survivors (16384K)
 Metaspace       used 16979K, committed 17216K, reserved 1064960K
  class space    used 1347K, committed 1472K, reserved 1048576K
}
Event: 4.099 GC heap after
{Heap after GC invocations=6 (full 0):
 garbage-first heap   total 262144K, used 134118K [0x0000000580000000, 0x0000000800000000)
  region size 8192K, 1 young (8192K), 1 survivors (8192K)
 Metaspace       used 16979K, committed 17216K, reserved 1064960K
  class space    used 1347K, committed 1472K, reserved 1048576K
}
Event: 4.172 GC heap before
{Heap before GC invocations=6 (full 0):
 garbage-first heap   total 262144K, used 166886K [0x0000000580000000, 0x0000000800000000)
  region size 8192K, 5 young (40960K), 1 survivors (8192K)
 Metaspace       used 16983K, committed 17216K, reserved 1064960K
  class space    used 1347K, committed 1472K, reserved 1048576K
}
Event: 4.178 GC heap after
{Heap after GC invocations=7 (full 0):
 garbage-first heap   total 262144K, used 154539K [0x0000000580000000, 0x0000000800000000)
  region size 8192K, 1 young (8192K), 1 survivors (8192K)
 Metaspace       used 16983K, committed 17216K, reserved 1064960K
  class space    used 1347K, committed 1472K, reserved 1048576K
}
Event: 4.249 GC heap before
{Heap before GC invocations=7 (full 0):
 garbage-first heap   total 303104K, used 179115K [0x0000000580000000, 0x0000000800000000)
  region size 8192K, 4 young (32768K), 1 survivors (8192K)
 Metaspace       used 16983K, committed 17216K, reserved 1064960K
  class space    used 1347K, committed 1472K, reserved 1048576K
}
Event: 4.255 GC heap after
{Heap after GC invocations=8 (full 0):
 garbage-first heap   total 540672K, used 170024K [0x0000000580000000, 0x0000000800000000)
  region size 8192K, 1 young (8192K), 1 survivors (8192K)
 Metaspace       used 16983K, committed 17216K, reserved 1064960K
  class space    used 1347K, committed 1472K, reserved 1048576K
}
Event: 4.542 GC heap before
{Heap before GC invocations=9 (full 0):
 garbage-first heap   total 540672K, used 284712K [0x0000000580000000, 0x0000000800000000)
  region size 8192K, 15 young (122880K), 1 survivors (8192K)
 Metaspace       used 17015K, committed 17280K, reserved 1064960K
  class space    used 1354K, committed 1472K, reserved 1048576K
}
Event: 4.560 GC heap after
{Heap after GC invocations=10 (full 0):
 garbage-first heap   total 540672K, used 240312K [0x0000000580000000, 0x0000000800000000)
  region size 8192K, 2 young (16384K), 2 survivors (16384K)
 Metaspace       used 17015K, committed 17280K, reserved 1064960K
  class space    used 1354K, committed 1472K, reserved 1048576K
}
Event: 4.571 GC heap before
{Heap before GC invocations=10 (full 0):
 garbage-first heap   total 540672K, used 240312K [0x0000000580000000, 0x0000000800000000)
  region size 8192K, 3 young (24576K), 2 survivors (16384K)
 Metaspace       used 17015K, committed 17280K, reserved 1064960K
  class space    used 1354K, committed 1472K, reserved 1048576K
}
Event: 4.579 GC heap after
{Heap after GC invocations=11 (full 0):
 garbage-first heap   total 540672K, used 246061K [0x0000000580000000, 0x0000000800000000)
  region size 8192K, 1 young (8192K), 1 survivors (8192K)
 Metaspace       used 17015K, committed 17280K, reserved 1064960K
  class space    used 1354K, committed 1472K, reserved 1048576K
}

