# JRE version: OpenJDK Runtime Environment (17.0.1+12) (build 17.0.1+12)
# Java VM: OpenJDK 64-Bit Server VM (17.0.1+12, mixed mode, tiered, compressed oops, compressed class ptrs, g1 gc, linux-amd64)
GC Precious Log:
 CPUs: 12 total, 12 available
 Memory: 15990M
 Large Page Support: Disabled
 NUMA Support: Disabled
 Compressed Oops: Enabled (Zero based)
 Heap Region Size: 8M
 Heap Min Capacity: 8M
 Heap Initial Capacity: 256M
 Heap Max Capacity: 10G
 Pre-touch: Disabled
 Parallel Workers: 10
 Concurrent Workers: 3
 Concurrent Refinement Workers: 10
 Periodic GC: Disabled
Heap:
 garbage-first heap   total 491520K, used 207563K [0x0000000580000000, 0x0000000800000000)
  region size 8192K, 8 young (65536K), 1 survivors (8192K)
 Metaspace       used 17047K, committed 17344K, reserved 1064960K
  class space    used 1356K, committed 1472K, reserved 1048576K
GC Heap History (16 events):
Event: 0.300 GC heap before
{Heap before GC invocations=0 (full 0):
 garbage-first heap   total 262144K, used 16384K [0x0000000580000000, 0x0000000800000000)
  region size 8192K, 2 young (16384K), 0 survivors (0K)
 Metaspace       used 9090K, committed 9216K, reserved 1064960K
  class space    used 760K, committed 832K, reserved 1048576K
}
Event: 0.302 GC heap after
{Heap after GC invocations=1 (full 0):
 garbage-first heap   total 262144K, used 2451K [0x0000000580000000, 0x0000000800000000)
  region size 8192K, 1 young (8192K), 1 survivors (8192K)
 Metaspace       used 9090K, committed 9216K, reserved 1064960K
  class space    used 760K, committed 832K, reserved 1048576K
}
Event: 1.013 GC heap before
{Heap before GC invocations=1 (full 0):
 garbage-first heap   total 262144K, used 59795K [0x0000000580000000, 0x0000000800000000)
  region size 8192K, 4 young (32768K), 1 survivors (8192K)
 Metaspace       used 14037K, committed 14272K, reserved 1064960K
  class space    used 1096K, committed 1216K, reserved 1048576K
}
Event: 1.015 GC heap after
{Heap after GC invocations=2 (full 0):
 garbage-first heap   total 262144K, used 3316K [0x0000000580000000, 0x0000000800000000)
  region size 8192K, 1 young (8192K), 1 survivors (8192K)
 Metaspace       used 14037K, committed 14272K, reserved 1064960K
  class space    used 1096K, committed 1216K, reserved 1048576K
}
Event: 3.130 GC heap before
{Heap before GC invocations=2 (full 0):
 garbage-first heap   total 262144K, used 118004K [0x0000000580000000, 0x0000000800000000)
  region size 8192K, 15 young (122880K), 1 survivors (8192K)
 Metaspace       used 16934K, committed 17152K, reserved 1064960K
  class space    used 1348K, committed 1472K, reserved 1048576K
}
Event: 3.136 GC heap after
{Heap after GC invocations=3 (full 0):
 garbage-first heap   total 262144K, used 39353K [0x0000000580000000, 0x0000000800000000)
  region size 8192K, 2 young (16384K), 2 survivors (16384K)
 Metaspace       used 16934K, committed 17152K, reserved 1064960K
  class space    used 1348K, committed 1472K, reserved 1048576K
}
Event: 3.572 GC heap before
{Heap before GC invocations=3 (full 0):
 garbage-first heap   total 262144K, used 104889K [0x0000000580000000, 0x0000000800000000)
  region size 8192K, 10 young (81920K), 2 survivors (16384K)
 Metaspace       used 16975K, committed 17216K, reserved 1064960K
  class space    used 1348K, committed 1472K, reserved 1048576K
}
Event: 3.581 GC heap after
{Heap after GC invocations=4 (full 0):
 garbage-first heap   total 262144K, used 72136K [0x0000000580000000, 0x0000000800000000)
  region size 8192K, 2 young (16384K), 2 survivors (16384K)
 Metaspace       used 16975K, committed 17216K, reserved 1064960K
  class space    used 1348K, committed 1472K, reserved 1048576K
}
Event: 3.675 GC heap before
{Heap before GC invocations=4 (full 0):
 garbage-first heap   total 262144K, used 121288K [0x0000000580000000, 0x0000000800000000)
  region size 8192K, 8 young (65536K), 2 survivors (16384K)
 Metaspace       used 16995K, committed 17280K, reserved 1064960K
  class space    used 1348K, committed 1472K, reserved 1048576K
}
Event: 3.685 GC heap after
{Heap after GC invocations=5 (full 0):
 garbage-first heap   total 262144K, used 102954K [0x0000000580000000, 0x0000000800000000)
  region size 8192K, 1 young (8192K), 1 survivors (8192K)
 Metaspace       used 16995K, committed 17280K, reserved 1064960K
  class space    used 1348K, committed 1472K, reserved 1048576K
}
Event: 3.783 GC heap before
{Heap before GC invocations=5 (full 0):
 garbage-first heap   total 262144K, used 143914K [0x0000000580000000, 0x0000000800000000)
  region size 8192K, 6 young (49152K), 1 survivors (8192K)
 Metaspace       used 17002K, committed 17280K, reserved 1064960K
  class space    used 1348K, committed 1472K, reserved 1048576K
}
Event: 3.792 GC heap after
{Heap after GC invocations=6 (full 0):
 garbage-first heap   total 262144K, used 129163K [0x0000000580000000, 0x0000000800000000)
  region size 8192K, 1 young (8192K), 1 survivors (8192K)
 Metaspace       used 17002K, committed 17280K, reserved 1064960K
  class space    used 1348K, committed 1472K, reserved 1048576K
}
Event: 3.864 GC heap before
{Heap before GC invocations=6 (full 0):
 garbage-first heap   total 262144K, used 153739K [0x0000000580000000, 0x0000000800000000)
  region size 8192K, 5 young (40960K), 1 survivors (8192K)
 Metaspace       used 17004K, committed 17280K, reserved 1064960K
  class space    used 1348K, committed 1472K, reserved 1048576K
}
Event: 3.871 GC heap after
{Heap after GC invocations=7 (full 0):
 garbage-first heap   total 262144K, used 150285K [0x0000000580000000, 0x0000000800000000)
  region size 8192K, 1 young (8192K), 1 survivors (8192K)
 Metaspace       used 17004K, committed 17280K, reserved 1064960K
  class space    used 1348K, committed 1472K, reserved 1048576K
}
Event: 3.939 GC heap before
{Heap before GC invocations=7 (full 0):
 garbage-first heap   total 303104K, used 166669K [0x0000000580000000, 0x0000000800000000)
  region size 8192K, 4 young (32768K), 1 survivors (8192K)
 Metaspace       used 17006K, committed 17280K, reserved 1064960K
  class space    used 1348K, committed 1472K, reserved 1048576K
}
Event: 3.946 GC heap after
{Heap after GC invocations=8 (full 0):
 garbage-first heap   total 491520K, used 166603K [0x0000000580000000, 0x0000000800000000)
  region size 8192K, 1 young (8192K), 1 survivors (8192K)
 Metaspace       used 17006K, committed 17280K, reserved 1064960K
  class space    used 1348K, committed 1472K, reserved 1048576K
}

