# JRE version: OpenJDK Runtime Environment (17.0.1+12) (build 17.0.1+12)
# Java VM: OpenJDK 64-Bit Server VM (17.0.1+12, mixed mode, tiered, compressed oops, compressed class ptrs, g1 gc, linux-amd64)
GC Precious Log:
 CPUs: 12 total, 12 available
 Memory: 15990M
 Large Page Support: Disabled
 NUMA Support: Disabled
 Compressed Oops: Enabled (Zero based)
 Heap Region Size: 8M
 Heap Min Capacity: 8M
 Heap Initial Capacity: 256M
 Heap Max Capacity: 10G
 Pre-touch: Disabled
 Parallel Workers: 10
 Concurrent Workers: 3
 Concurrent Refinement Workers: 10
 Periodic GC: Disabled
Heap:
 garbage-first heap   total 483328K, used 184450K [0x0000000580000000, 0x0000000800000000)
  region size 8192K, 4 young (32768K), 1 survivors (8192K)
 Metaspace       used 17044K, committed 17280K, reserved 1064960K
  class space    used 1356K, committed 1472K, reserved 1048576K
GC Heap History (16 events):
Event: 0.304 GC heap before
{Heap before GC invocations=0 (full 0):
 garbage-first heap   total 262144K, used 16384K [0x0000000580000000, 0x0000000800000000)
  region size 8192K, 2 young (16384K), 0 survivors (0K)
 Metaspace       used 9129K, committed 9344K, reserved 1064960K
  class space    used 762K, committed 832K, reserved 1048576K
}
Event: 0.306 GC heap after
{Heap after GC invocations=1 (full 0):
 garbage-first heap   total 262144K, used 2491K [0x0000000580000000, 0x0000000800000000)
  region size 8192K, 1 young (8192K), 1 survivors (8192K)
 Metaspace       used 9129K, committed 9344K, reserved 1064960K
  class space    used 762K, committed 832K, reserved 1048576K
}
Event: 1.050 GC heap before
{Heap before GC invocations=1 (full 0):
 garbage-first heap   total 262144K, used 59835K [0x0000000580000000, 0x0000000800000000)
  region size 8192K, 4 young (32768K), 1 survivors (8192K)
 Metaspace       used 13971K, committed 14208K, reserved 1064960K
  class space    used 1094K, committed 1216K, reserved 1048576K
}
Event: 1.054 GC heap after
{Heap after GC invocations=2 (full 0):
 garbage-first heap   total 262144K, used 3260K [0x0000000580000000, 0x0000000800000000)
  region size 8192K, 1 young (8192K), 1 survivors (8192K)
 Metaspace       used 13971K, committed 14208K, reserved 1064960K
  class space    used 1094K, committed 1216K, reserved 1048576K
}
Event: 6.240 GC heap before
{Heap before GC invocations=2 (full 0):
 garbage-first heap   total 262144K, used 117948K [0x0000000580000000, 0x0000000800000000)
  region size 8192K, 16 young (131072K), 1 survivors (8192K)
 Metaspace       used 16941K, committed 17216K, reserved 1064960K
  class space    used 1348K, committed 1472K, reserved 1048576K
}
Event: 6.248 GC heap after
{Heap after GC invocations=3 (full 0):
 garbage-first heap   total 262144K, used 42332K [0x0000000580000000, 0x0000000800000000)
  region size 8192K, 2 young (16384K), 2 survivors (16384K)
 Metaspace       used 16941K, committed 17216K, reserved 1064960K
  class space    used 1348K, committed 1472K, reserved 1048576K
}
Event: 6.668 GC heap before
{Heap before GC invocations=3 (full 0):
 garbage-first heap   total 262144K, used 99676K [0x0000000580000000, 0x0000000800000000)
  region size 8192K, 10 young (81920K), 2 survivors (16384K)
 Metaspace       used 16966K, committed 17216K, reserved 1064960K
  class space    used 1348K, committed 1472K, reserved 1048576K
}
Event: 6.676 GC heap after
{Heap after GC invocations=4 (full 0):
 garbage-first heap   total 262144K, used 71176K [0x0000000580000000, 0x0000000800000000)
  region size 8192K, 2 young (16384K), 2 survivors (16384K)
 Metaspace       used 16966K, committed 17216K, reserved 1064960K
  class space    used 1348K, committed 1472K, reserved 1048576K
}
Event: 6.792 GC heap before
{Heap before GC invocations=4 (full 0):
 garbage-first heap   total 262144K, used 120328K [0x0000000580000000, 0x0000000800000000)
  region size 8192K, 9 young (73728K), 2 survivors (16384K)
 Metaspace       used 16987K, committed 17216K, reserved 1064960K
  class space    used 1348K, committed 1472K, reserved 1048576K
}
Event: 6.803 GC heap after
{Heap after GC invocations=5 (full 0):
 garbage-first heap   total 262144K, used 107083K [0x0000000580000000, 0x0000000800000000)
  region size 8192K, 2 young (16384K), 2 survivors (16384K)
 Metaspace       used 16987K, committed 17216K, reserved 1064960K
  class space    used 1348K, committed 1472K, reserved 1048576K
}
Event: 6.872 GC heap before
{Heap before GC invocations=5 (full 0):
 garbage-first heap   total 262144K, used 139851K [0x0000000580000000, 0x0000000800000000)
  region size 8192K, 7 young (57344K), 2 survivors (16384K)
 Metaspace       used 16991K, committed 17216K, reserved 1064960K
  class space    used 1348K, committed 1472K, reserved 1048576K
}
Event: 6.882 GC heap after
{Heap after GC invocations=6 (full 0):
 garbage-first heap   total 262144K, used 135727K [0x0000000580000000, 0x0000000800000000)
  region size 8192K, 1 young (8192K), 1 survivors (8192K)
 Metaspace       used 16991K, committed 17216K, reserved 1064960K
  class space    used 1348K, committed 1472K, reserved 1048576K
}
Event: 6.977 GC heap before
{Heap before GC invocations=6 (full 0):
 garbage-first heap   total 262144K, used 160303K [0x0000000580000000, 0x0000000800000000)
  region size 8192K, 5 young (40960K), 1 survivors (8192K)
 Metaspace       used 17004K, committed 17280K, reserved 1064960K
  class space    used 1348K, committed 1472K, reserved 1048576K
}
Event: 6.984 GC heap after
{Heap after GC invocations=7 (full 0):
 garbage-first heap   total 262144K, used 156171K [0x0000000580000000, 0x0000000800000000)
  region size 8192K, 1 young (8192K), 1 survivors (8192K)
 Metaspace       used 17004K, committed 17280K, reserved 1064960K
  class space    used 1348K, committed 1472K, reserved 1048576K
}
Event: 7.028 GC heap before
{Heap before GC invocations=7 (full 0):
 garbage-first heap   total 262144K, used 172555K [0x0000000580000000, 0x0000000800000000)
  region size 8192K, 3 young (24576K), 1 survivors (8192K)
 Metaspace       used 17005K, committed 17280K, reserved 1064960K
  class space    used 1348K, committed 1472K, reserved 1048576K
}
Event: 7.034 GC heap after
{Heap after GC invocations=8 (full 0):
 garbage-first heap   total 483328K, used 168066K [0x0000000580000000, 0x0000000800000000)
  region size 8192K, 1 young (8192K), 1 survivors (8192K)
 Metaspace       used 17005K, committed 17280K, reserved 1064960K
  class space    used 1348K, committed 1472K, reserved 1048576K
}

