# JRE version: OpenJDK Runtime Environment (17.0.1+12) (build 17.0.1+12)
# Java VM: OpenJDK 64-Bit Server VM (17.0.1+12, mixed mode, tiered, compressed oops, compressed class ptrs, g1 gc, linux-amd64)
GC Precious Log:
 CPUs: 12 total, 12 available
 Memory: 16010M
 Large Page Support: Disabled
 NUMA Support: Disabled
 Compressed Oops: Enabled (Zero based)
 Heap Region Size: 2M
 Heap Min Capacity: 8M
 Heap Initial Capacity: 252M
 Heap Max Capacity: 4004M
 Pre-touch: Disabled
 Parallel Workers: 10
 Concurrent Workers: 3
 Concurrent Refinement Workers: 10
 Periodic GC: Disabled
Heap:
 garbage-first heap   total 266240K, used 124133K [0x0000000705c00000, 0x0000000800000000)
  region size 2048K, 50 young (102400K), 6 survivors (12288K)
 Metaspace       used 16367K, committed 16512K, reserved 1064960K
  class space    used 1269K, committed 1344K, reserved 1048576K
GC Heap History (20 events):
Event: 10.238 GC heap before
{Heap before GC invocations=6 (full 0):
 garbage-first heap   total 266240K, used 208808K [0x0000000705c00000, 0x0000000800000000)
  region size 2048K, 78 young (159744K), 2 survivors (4096K)
 Metaspace       used 16350K, committed 16512K, reserved 1064960K
  class space    used 1269K, committed 1344K, reserved 1048576K
}
Event: 10.239 GC heap after
{Heap after GC invocations=7 (full 0):
 garbage-first heap   total 266240K, used 29726K [0x0000000705c00000, 0x0000000800000000)
  region size 2048K, 3 young (6144K), 3 survivors (6144K)
 Metaspace       used 16350K, committed 16512K, reserved 1064960K
  class space    used 1269K, committed 1344K, reserved 1048576K
}
Event: 11.610 GC heap before
{Heap before GC invocations=7 (full 0):
 garbage-first heap   total 266240K, used 183326K [0x0000000705c00000, 0x0000000800000000)
  region size 2048K, 78 young (159744K), 3 survivors (6144K)
 Metaspace       used 16351K, committed 16512K, reserved 1064960K
  class space    used 1269K, committed 1344K, reserved 1048576K
}
Event: 11.611 GC heap after
{Heap after GC invocations=8 (full 0):
 garbage-first heap   total 266240K, used 29602K [0x0000000705c00000, 0x0000000800000000)
  region size 2048K, 3 young (6144K), 3 survivors (6144K)
 Metaspace       used 16351K, committed 16512K, reserved 1064960K
  class space    used 1269K, committed 1344K, reserved 1048576K
}
Event: 12.890 GC heap before
{Heap before GC invocations=8 (full 0):
 garbage-first heap   total 266240K, used 207778K [0x0000000705c00000, 0x0000000800000000)
  region size 2048K, 78 young (159744K), 3 survivors (6144K)
 Metaspace       used 16352K, committed 16512K, reserved 1064960K
  class space    used 1269K, committed 1344K, reserved 1048576K
}
Event: 12.891 GC heap after
{Heap after GC invocations=9 (full 0):
 garbage-first heap   total 266240K, used 32487K [0x0000000705c00000, 0x0000000800000000)
  region size 2048K, 4 young (8192K), 4 survivors (8192K)
 Metaspace       used 16352K, committed 16512K, reserved 1064960K
  class space    used 1269K, committed 1344K, reserved 1048576K
}
Event: 14.143 GC heap before
{Heap before GC invocations=9 (full 0):
 garbage-first heap   total 266240K, used 208615K [0x0000000705c00000, 0x0000000800000000)
  region size 2048K, 78 young (159744K), 4 survivors (8192K)
 Metaspace       used 16355K, committed 16512K, reserved 1064960K
  class space    used 1269K, committed 1344K, reserved 1048576K
}
Event: 14.144 GC heap after
{Heap after GC invocations=10 (full 0):
 garbage-first heap   total 266240K, used 33326K [0x0000000705c00000, 0x0000000800000000)
  region size 2048K, 5 young (10240K), 5 survivors (10240K)
 Metaspace       used 16355K, committed 16512K, reserved 1064960K
  class space    used 1269K, committed 1344K, reserved 1048576K
}
Event: 15.385 GC heap before
{Heap before GC invocations=10 (full 0):
 garbage-first heap   total 266240K, used 207406K [0x0000000705c00000, 0x0000000800000000)
  region size 2048K, 78 young (159744K), 5 survivors (10240K)
 Metaspace       used 16357K, committed 16512K, reserved 1064960K
  class space    used 1269K, committed 1344K, reserved 1048576K
}
Event: 15.386 GC heap after
{Heap after GC invocations=11 (full 0):
 garbage-first heap   total 266240K, used 32946K [0x0000000705c00000, 0x0000000800000000)
  region size 2048K, 4 young (8192K), 4 survivors (8192K)
 Metaspace       used 16357K, committed 16512K, reserved 1064960K
  class space    used 1269K, committed 1344K, reserved 1048576K
}
Event: 16.637 GC heap before
{Heap before GC invocations=11 (full 0):
 garbage-first heap   total 266240K, used 209074K [0x0000000705c00000, 0x0000000800000000)
  region size 2048K, 78 young (159744K), 4 survivors (8192K)
 Metaspace       used 16361K, committed 16512K, reserved 1064960K
  class space    used 1269K, committed 1344K, reserved 1048576K
}
Event: 16.639 GC heap after
{Heap after GC invocations=12 (full 0):
 garbage-first heap   total 266240K, used 33282K [0x0000000705c00000, 0x0000000800000000)
  region size 2048K, 5 young (10240K), 5 survivors (10240K)
 Metaspace       used 16361K, committed 16512K, reserved 1064960K
  class space    used 1269K, committed 1344K, reserved 1048576K
}
Event: 17.998 GC heap before
{Heap before GC invocations=12 (full 0):
 garbage-first heap   total 266240K, used 182786K [0x0000000705c00000, 0x0000000800000000)
  region size 2048K, 78 young (159744K), 5 survivors (10240K)
 Metaspace       used 16361K, committed 16512K, reserved 1064960K
  class space    used 1269K, committed 1344K, reserved 1048576K
}
Event: 17.999 GC heap after
{Heap after GC invocations=13 (full 0):
 garbage-first heap   total 266240K, used 32929K [0x0000000705c00000, 0x0000000800000000)
  region size 2048K, 4 young (8192K), 4 survivors (8192K)
 Metaspace       used 16361K, committed 16512K, reserved 1064960K
  class space    used 1269K, committed 1344K, reserved 1048576K
}
Event: 19.202 GC heap before
{Heap before GC invocations=13 (full 0):
 garbage-first heap   total 266240K, used 209057K [0x0000000705c00000, 0x0000000800000000)
  region size 2048K, 78 young (159744K), 4 survivors (8192K)
 Metaspace       used 16361K, committed 16512K, reserved 1064960K
  class space    used 1269K, committed 1344K, reserved 1048576K
}
Event: 19.204 GC heap after
{Heap after GC invocations=14 (full 0):
 garbage-first heap   total 266240K, used 35518K [0x0000000705c00000, 0x0000000800000000)
  region size 2048K, 6 young (12288K), 6 survivors (12288K)
 Metaspace       used 16361K, committed 16512K, reserved 1064960K
  class space    used 1269K, committed 1344K, reserved 1048576K
}
Event: 20.124 GC heap before
{Heap before GC invocations=14 (full 0):
 garbage-first heap   total 266240K, used 201406K [0x0000000705c00000, 0x0000000800000000)
  region size 2048K, 78 young (159744K), 6 survivors (12288K)
 Metaspace       used 16361K, committed 16512K, reserved 1064960K
  class space    used 1269K, committed 1344K, reserved 1048576K
}
Event: 20.127 GC heap after
{Heap after GC invocations=15 (full 0):
 garbage-first heap   total 266240K, used 37583K [0x0000000705c00000, 0x0000000800000000)
  region size 2048K, 5 young (10240K), 5 survivors (10240K)
 Metaspace       used 16361K, committed 16512K, reserved 1064960K
  class space    used 1269K, committed 1344K, reserved 1048576K
}
Event: 21.027 GC heap before
{Heap before GC invocations=15 (full 0):
 garbage-first heap   total 266240K, used 215759K [0x0000000705c00000, 0x0000000800000000)
  region size 2048K, 78 young (159744K), 5 survivors (10240K)
 Metaspace       used 16366K, committed 16512K, reserved 1064960K
  class space    used 1269K, committed 1344K, reserved 1048576K
}
Event: 21.029 GC heap after
{Heap after GC invocations=16 (full 0):
 garbage-first heap   total 266240K, used 36069K [0x0000000705c00000, 0x0000000800000000)
  region size 2048K, 6 young (12288K), 6 survivors (12288K)
 Metaspace       used 16366K, committed 16512K, reserved 1064960K
  class space    used 1269K, committed 1344K, reserved 1048576K
}

