# JRE version: OpenJDK Runtime Environment (17.0.1+12) (build 17.0.1+12)
# Java VM: OpenJDK 64-Bit Server VM (17.0.1+12, mixed mode, tiered, compressed oops, compressed class ptrs, g1 gc, linux-amd64)
GC Precious Log:
 CPUs: 12 total, 12 available
 Memory: 16010M
 Large Page Support: Disabled
 NUMA Support: Disabled
 Compressed Oops: Enabled (Zero based)
 Heap Region Size: 2M
 Heap Min Capacity: 8M
 Heap Initial Capacity: 252M
 Heap Max Capacity: 4004M
 Pre-touch: Disabled
 Parallel Workers: 10
 Concurrent Workers: 3
 Concurrent Refinement Workers: 10
 Periodic GC: Disabled
Heap:
 garbage-first heap   total 311296K, used 217797K [0x0000000705c00000, 0x0000000800000000)
  region size 2048K, 79 young (161792K), 6 survivors (12288K)
 Metaspace       used 16384K, committed 16576K, reserved 1064960K
  class space    used 1271K, committed 1344K, reserved 1048576K
GC Heap History (20 events):
Event: 12.338 GC heap before
{Heap before GC invocations=33 (full 0):
 garbage-first heap   total 311296K, used 237899K [0x0000000705c00000, 0x0000000800000000)
  region size 2048K, 91 young (186368K), 6 survivors (12288K)
 Metaspace       used 16380K, committed 16576K, reserved 1064960K
  class space    used 1271K, committed 1344K, reserved 1048576K
}
Event: 12.339 GC heap after
{Heap after GC invocations=34 (full 0):
 garbage-first heap   total 311296K, used 63734K [0x0000000705c00000, 0x0000000800000000)
  region size 2048K, 6 young (12288K), 6 survivors (12288K)
 Metaspace       used 16380K, committed 16576K, reserved 1064960K
  class space    used 1271K, committed 1344K, reserved 1048576K
}
Event: 12.683 GC heap before
{Heap before GC invocations=34 (full 0):
 garbage-first heap   total 311296K, used 239862K [0x0000000705c00000, 0x0000000800000000)
  region size 2048K, 91 young (186368K), 6 survivors (12288K)
 Metaspace       used 16380K, committed 16576K, reserved 1064960K
  class space    used 1271K, committed 1344K, reserved 1048576K
}
Event: 12.684 GC heap after
{Heap after GC invocations=35 (full 0):
 garbage-first heap   total 311296K, used 63839K [0x0000000705c00000, 0x0000000800000000)
  region size 2048K, 6 young (12288K), 6 survivors (12288K)
 Metaspace       used 16380K, committed 16576K, reserved 1064960K
  class space    used 1271K, committed 1344K, reserved 1048576K
}
Event: 13.034 GC heap before
{Heap before GC invocations=35 (full 0):
 garbage-first heap   total 311296K, used 237919K [0x0000000705c00000, 0x0000000800000000)
  region size 2048K, 91 young (186368K), 6 survivors (12288K)
 Metaspace       used 16380K, committed 16576K, reserved 1064960K
  class space    used 1271K, committed 1344K, reserved 1048576K
}
Event: 13.036 GC heap after
{Heap after GC invocations=36 (full 0):
 garbage-first heap   total 311296K, used 64669K [0x0000000705c00000, 0x0000000800000000)
  region size 2048K, 6 young (12288K), 6 survivors (12288K)
 Metaspace       used 16380K, committed 16576K, reserved 1064960K
  class space    used 1271K, committed 1344K, reserved 1048576K
}
Event: 13.402 GC heap before
{Heap before GC invocations=36 (full 0):
 garbage-first heap   total 311296K, used 238749K [0x0000000705c00000, 0x0000000800000000)
  region size 2048K, 91 young (186368K), 6 survivors (12288K)
 Metaspace       used 16380K, committed 16576K, reserved 1064960K
  class space    used 1271K, committed 1344K, reserved 1048576K
}
Event: 13.404 GC heap after
{Heap after GC invocations=37 (full 0):
 garbage-first heap   total 311296K, used 63758K [0x0000000705c00000, 0x0000000800000000)
  region size 2048K, 6 young (12288K), 6 survivors (12288K)
 Metaspace       used 16380K, committed 16576K, reserved 1064960K
  class space    used 1271K, committed 1344K, reserved 1048576K
}
Event: 13.815 GC heap before
{Heap before GC invocations=37 (full 0):
 garbage-first heap   total 311296K, used 237838K [0x0000000705c00000, 0x0000000800000000)
  region size 2048K, 91 young (186368K), 6 survivors (12288K)
 Metaspace       used 16382K, committed 16576K, reserved 1064960K
  class space    used 1271K, committed 1344K, reserved 1048576K
}
Event: 13.817 GC heap after
{Heap after GC invocations=38 (full 0):
 garbage-first heap   total 311296K, used 63758K [0x0000000705c00000, 0x0000000800000000)
  region size 2048K, 6 young (12288K), 6 survivors (12288K)
 Metaspace       used 16382K, committed 16576K, reserved 1064960K
  class space    used 1271K, committed 1344K, reserved 1048576K
}
Event: 14.244 GC heap before
{Heap before GC invocations=38 (full 0):
 garbage-first heap   total 311296K, used 237838K [0x0000000705c00000, 0x0000000800000000)
  region size 2048K, 91 young (186368K), 6 survivors (12288K)
 Metaspace       used 16382K, committed 16576K, reserved 1064960K
  class space    used 1271K, committed 1344K, reserved 1048576K
}
Event: 14.246 GC heap after
{Heap after GC invocations=39 (full 0):
 garbage-first heap   total 311296K, used 63842K [0x0000000705c00000, 0x0000000800000000)
  region size 2048K, 6 young (12288K), 6 survivors (12288K)
 Metaspace       used 16382K, committed 16576K, reserved 1064960K
  class space    used 1271K, committed 1344K, reserved 1048576K
}
Event: 14.619 GC heap before
{Heap before GC invocations=39 (full 0):
 garbage-first heap   total 311296K, used 262498K [0x0000000705c00000, 0x0000000800000000)
  region size 2048K, 91 young (186368K), 6 survivors (12288K)
 Metaspace       used 16384K, committed 16576K, reserved 1064960K
  class space    used 1271K, committed 1344K, reserved 1048576K
}
Event: 14.621 GC heap after
{Heap after GC invocations=40 (full 0):
 garbage-first heap   total 311296K, used 71291K [0x0000000705c00000, 0x0000000800000000)
  region size 2048K, 9 young (18432K), 9 survivors (18432K)
 Metaspace       used 16384K, committed 16576K, reserved 1064960K
  class space    used 1271K, committed 1344K, reserved 1048576K
}
Event: 15.058 GC heap before
{Heap before GC invocations=40 (full 0):
 garbage-first heap   total 311296K, used 239227K [0x0000000705c00000, 0x0000000800000000)
  region size 2048K, 91 young (186368K), 9 survivors (18432K)
 Metaspace       used 16384K, committed 16576K, reserved 1064960K
  class space    used 1271K, committed 1344K, reserved 1048576K
}
Event: 15.060 GC heap after
{Heap after GC invocations=41 (full 0):
 garbage-first heap   total 311296K, used 70106K [0x0000000705c00000, 0x0000000800000000)
  region size 2048K, 6 young (12288K), 6 survivors (12288K)
 Metaspace       used 16384K, committed 16576K, reserved 1064960K
  class space    used 1271K, committed 1344K, reserved 1048576K
}
Event: 15.510 GC heap before
{Heap before GC invocations=41 (full 0):
 garbage-first heap   total 311296K, used 244186K [0x0000000705c00000, 0x0000000800000000)
  region size 2048K, 91 young (186368K), 6 survivors (12288K)
 Metaspace       used 16384K, committed 16576K, reserved 1064960K
  class space    used 1271K, committed 1344K, reserved 1048576K
}
Event: 15.512 GC heap after
{Heap after GC invocations=42 (full 0):
 garbage-first heap   total 311296K, used 70725K [0x0000000705c00000, 0x0000000800000000)
  region size 2048K, 6 young (12288K), 6 survivors (12288K)
 Metaspace       used 16384K, committed 16576K, reserved 1064960K
  class space    used 1271K, committed 1344K, reserved 1048576K
}
Event: 15.979 GC heap before
{Heap before GC invocations=42 (full 0):
 garbage-first heap   total 311296K, used 244805K [0x0000000705c00000, 0x0000000800000000)
  region size 2048K, 91 young (186368K), 6 survivors (12288K)
 Metaspace       used 16384K, committed 16576K, reserved 1064960K
  class space    used 1271K, committed 1344K, reserved 1048576K
}
Event: 15.981 GC heap after
{Heap after GC invocations=43 (full 0):
 garbage-first heap   total 311296K, used 70341K [0x0000000705c00000, 0x0000000800000000)
  region size 2048K, 6 young (12288K), 6 survivors (12288K)
 Metaspace       used 16384K, committed 16576K, reserved 1064960K
  class space    used 1271K, committed 1344K, reserved 1048576K
}

